Added Component: Designator=CR?(SD0805_AVX)
Add component (AddParameter): Name = "Design Item ID"; Value = "SD0805S020S1R0"; VariantName = "[No Variations]"
Add component (AddParameter): Name = "Mfr_Name"; Value = "KYOCERA AVX"; VariantName = "[No Variations]"
Add component (AddParameter): Name = "RefDes"; Value = ""; VariantName = "[No Variations]"
Add component (AddParameter): Name = "Source"; Value = "SD0805S020S1R0.SchLib"; VariantName = "[No Variations]"
Add component (AddParameter): Name = "Type"; Value = ""; VariantName = "[No Variations]"
Added Component: Designator=CR?(SD0805_AVX)
Add component (AddParameter): Name = "Design Item ID"; Value = "SD0805S020S1R0"; VariantName = "[No Variations]"
Add component (AddParameter): Name = "Mfr_Name"; Value = "KYOCERA AVX"; VariantName = "[No Variations]"
Add component (AddParameter): Name = "RefDes"; Value = ""; VariantName = "[No Variations]"
Add component (AddParameter): Name = "Source"; Value = "SD0805S020S1R0.SchLib"; VariantName = "[No Variations]"
Add component (AddParameter): Name = "Type"; Value = ""; VariantName = "[No Variations]"
Added Component: Designator=CR?(SD0805_AVX)
Add component (AddParameter): Name = "Design Item ID"; Value = "SD0805S020S1R0"; VariantName = "[No Variations]"
Add component (AddParameter): Name = "Mfr_Name"; Value = "KYOCERA AVX"; VariantName = "[No Variations]"
Add component (AddParameter): Name = "RefDes"; Value = ""; VariantName = "[No Variations]"
Add component (AddParameter): Name = "Source"; Value = "SD0805S020S1R0.SchLib"; VariantName = "[No Variations]"
Add component (AddParameter): Name = "Type"; Value = ""; VariantName = "[No Variations]"
Added Component: Designator=CR?(SD0805_AVX)
Add component (AddParameter): Name = "Design Item ID"; Value = "SD0805S020S1R0"; VariantName = "[No Variations]"
Add component (AddParameter): Name = "Mfr_Name"; Value = "KYOCERA AVX"; VariantName = "[No Variations]"
Add component (AddParameter): Name = "RefDes"; Value = ""; VariantName = "[No Variations]"
Add component (AddParameter): Name = "Source"; Value = "SD0805S020S1R0.SchLib"; VariantName = "[No Variations]"
Add component (AddParameter): Name = "Type"; Value = ""; VariantName = "[No Variations]"
Added Component: Designator=CR?(SD0805_AVX)
Add component (AddParameter): Name = "Design Item ID"; Value = "SD0805S020S1R0"; VariantName = "[No Variations]"
Add component (AddParameter): Name = "Mfr_Name"; Value = "KYOCERA AVX"; VariantName = "[No Variations]"
Add component (AddParameter): Name = "RefDes"; Value = ""; VariantName = "[No Variations]"
Add component (AddParameter): Name = "Source"; Value = "SD0805S020S1R0.SchLib"; VariantName = "[No Variations]"
Add component (AddParameter): Name = "Type"; Value = ""; VariantName = "[No Variations]"
Add Pin To Net: Unknown Pin: Pin C?-1
Add Pin To Net: Unknown Pin: Pin C?-1
Add Pin To Net: Unknown Pin: Pin C?-1
Add Pin To Net: Unknown Pin: Pin C?-2
Add Pin To Net: Unknown Pin: Pin C?-2
Add Pin To Net: Unknown Pin: Pin C?-2
Add Pin To Net: Unknown Pin: Pin U?-1
Add Pin To Net: Unknown Pin: Pin U?-3
Add Pin To Net: Unknown Pin: Pin U?-6
Add Pin To Net: Unknown Pin: Pin USB-B-4
Add Pin To Net: Unknown Pin: Pin USB-B-5
Add Class Member: Failed to add class member : Component C? 08053C104KAT2A
Add Class Member: Failed to add class member : Component C? 08053C104KAT2A
Add Class Member: Failed to add class member : Component C? 08053C104KAT2A
Added Member To Class: ClassName=Schematic02 Member=Component CR? SD0805S020S1R0
Added Member To Class: ClassName=Schematic02 Member=Component CR? SD0805S020S1R0
Added Member To Class: ClassName=Schematic02 Member=Component CR? SD0805S020S1R0
Added Member To Class: ClassName=Schematic02 Member=Component CR? SD0805S020S1R0
Added Member To Class: ClassName=Schematic02 Member=Component CR? SD0805S020S1R0
Added Member To Class: ClassName=Schematic02 Member=Component R? Resistor
Add Class Member: Failed to add class member : Component U? LM2575-3.3WU-TR
Add Class Member: Failed to add class member : Component USB-B USB3131-30-0230-A_1
