Added Component: Designator=TP_CLEANVIN(KSTN-5010_V)
Add component (AddParameter): Name = "Connector Type"; Value = "Interconnection Device"; VariantName = "[No Variations]"
Add component (AddParameter): Name = "Contact Finish - Termination"; Value = "Silver (Ag)"; VariantName = "[No Variations]"
Add component (AddParameter): Name = "JESD-609 Code"; Value = "e4"; VariantName = "[No Variations]"
Add component (AddParameter): Name = "Reach SVHC Compliant"; Value = "Yes"; VariantName = "[No Variations]"
Add component (AddParameter): Name = "RoHS Compliant"; Value = "Yes"; VariantName = "[No Variations]"
Added Component: Designator=TP_GND(KSTN-5010_V)
Add component (AddParameter): Name = "Connector Type"; Value = "Interconnection Device"; VariantName = "[No Variations]"
Add component (AddParameter): Name = "Contact Finish - Termination"; Value = "Silver (Ag)"; VariantName = "[No Variations]"
Add component (AddParameter): Name = "JESD-609 Code"; Value = "e4"; VariantName = "[No Variations]"
Add component (AddParameter): Name = "Reach SVHC Compliant"; Value = "Yes"; VariantName = "[No Variations]"
Add component (AddParameter): Name = "RoHS Compliant"; Value = "Yes"; VariantName = "[No Variations]"
Add Pin To Net: Unknown Pin: Pin C?-1
Add Pin To Net: Unknown Pin: Pin C?-1
Add Pin To Net: Unknown Pin: Pin C?-1
Add Pin To Net: Unknown Pin: Pin C?-1
Add Pin To Net: Unknown Pin: Pin C?-2
Add Pin To Net: Unknown Pin: Pin C?-2
Add Pin To Net: Unknown Pin: Pin C?-2
Added Pin To Net: NetName=uncleanVin Pin=DOWNSTREAM-1
Added Pin To Net: NetName=TX Pin=DOWNSTREAM-2
Added Pin To Net: NetName=GND Pin=DOWNSTREAM-8
Added Pin To Net: NetName=GND Pin=SW?-B1
Added Pin To Net: NetName=GND Pin=SW?-B2
Added Pin To Net: NetName=GND Pin=TP_GND-1
Add Pin To Net: Unknown Pin: Pin U?-1
Add Pin To Net: Unknown Pin: Pin U?-3
Add Pin To Net: Unknown Pin: Pin U?-6
Added Pin To Net: NetName=uncleanVin Pin=UPSTREAM-1
Added Pin To Net: NetName=RX Pin=UPSTREAM-2
Added Pin To Net: NetName=GND Pin=UPSTREAM-8
Add Pin To Net: Unknown Pin: Pin USB-B-4
Add Pin To Net: Unknown Pin: Pin USB-B-5
Change Net Name : Old Net Name=NetLabel10 New Net Name=IO4
Change Net Name : Old Net Name=NetLabel11 New Net Name=IO5
Change Net Name : Old Net Name=NetLabel13 New Net Name=IO7
Change Net Name : Old Net Name=NetLabel14 New Net Name=IO8
Change Net Name : Old Net Name=NetLabel15 New Net Name=IO9
Change Net Name : Old Net Name=NetLabel16 New Net Name=IO10
Change Net Name : Old Net Name=NetLabel17 New Net Name=IO11
Change Net Name : Old Net Name=NetLabel18 New Net Name=IO12
Change Net Name : Old Net Name=NetLabel19 New Net Name=IO13
Change Net Name : Old Net Name=NetLabel20 New Net Name=IO14
Change Net Name : Old Net Name=NetLabel21 New Net Name=IO15
Change Net Name : Old Net Name=NetLabel22 New Net Name=IO16
Added Pin To Net: NetName=HP3 Pin=DOWNSTREAM-3
Added Pin To Net: NetName=HP3 Pin=UPSTREAM-3
Added Net: Name=HP3
Added Pin To Net: NetName=HP4 Pin=DOWNSTREAM-4
Added Pin To Net: NetName=HP4 Pin=UPSTREAM-4
Added Net: Name=HP4
Added Pin To Net: NetName=HP5 Pin=DOWNSTREAM-5
Added Pin To Net: NetName=HP5 Pin=UPSTREAM-5
Added Net: Name=HP5
Added Pin To Net: NetName=HP6 Pin=DOWNSTREAM-6
Added Pin To Net: NetName=HP6 Pin=UPSTREAM-6
Added Net: Name=HP6
Added Pin To Net: NetName=HP7 Pin=DOWNSTREAM-7
Added Pin To Net: NetName=HP7 Pin=UPSTREAM-7
Added Net: Name=HP7
Added Pin To Net: NetName=IO6 Pin=ESP32-6
Added Pin To Net: NetName=IO6 Pin=R?-2
Added Net: Name=IO6
Added Pin To Net: NetName=NetR?_1 Pin=R?-1
Added Pin To Net: NetName=NetR?_1 Pin=SW?-A1
Added Net: Name=NetR?_1
Add Class Member: Failed to add class member : Component C? 08053C104KAT2A
Add Class Member: Failed to add class member : Component C? 08053C104KAT2A
Add Class Member: Failed to add class member : Component C? Capacitor
Add Class Member: Failed to add class member : Component C? 08053C104KAT2A
Added Member To Class: ClassName=Schematic02 Member=Component CR? SD0805S020S1R0
Added Member To Class: ClassName=Schematic02 Member=Component CR? SD0805S020S1R0
Added Member To Class: ClassName=Schematic02 Member=Component CR? SD0805S020S1R0
Added Member To Class: ClassName=Schematic02 Member=Component CR? SD0805S020S1R0
Add Class Member: Failed to add class member : Component DBH 26643001RP2
Added Member To Class: ClassName=Schematic02 Member=Component R? Resistor
Added Member To Class: ClassName=Schematic02 Member=Component R? 10K Ohms
Added Member To Class: ClassName=Schematic02 Member=Component TP_CLEANVIN 5010
Added Member To Class: ClassName=Schematic02 Member=Component TP_GND 5010
Add Class Member: Failed to add class member : Component U? LM2575-3.3WU-TR
Add Class Member: Failed to add class member : Component USB-B USB3131-30-0230-A_1
